<?xml version="1.0" encoding="UTF-8"?>
<testsuite name="tasks.Request7ChannelsKtTest" tests="1" skipped="0" failures="0" errors="0" timestamp="2024-05-27T02:29:55" hostname="NELAPTOP" time="0.008">
  <properties/>
  <testcase name="testChannels" classname="tasks.Request7ChannelsKtTest" time="0.008"/>
  <system-out><![CDATA[1557 [Test worker @coroutine#8] INFO  Contributors - org: loaded 3 repos
1561 [Test worker @coroutine#11] INFO  Contributors - repo-3: loaded 2 contributors
1561 [Test worker @coroutine#9] INFO  Contributors - repo-1: loaded 2 contributors
1562 [Test worker @coroutine#10] INFO  Contributors - repo-2: loaded 2 contributors
]]></system-out>
  <system-err><![CDATA[]]></system-err>
</testsuite>
