<?xml version="1.0" encoding="UTF-8"?>
<testsuite name="tasks.Request6ProgressKtTest" tests="1" skipped="0" failures="0" errors="0" timestamp="2024-05-27T02:29:55" hostname="NELAPTOP" time="0.004">
  <properties/>
  <testcase name="testProgress" classname="tasks.Request6ProgressKtTest" time="0.004"/>
  <system-out><![CDATA[1551 [Test worker @coroutine#7] INFO  Contributors - org: loaded 3 repos
1551 [Test worker @coroutine#7] INFO  Contributors - repo-1: loaded 2 contributors
1552 [Test worker @coroutine#7] INFO  Contributors - repo-2: loaded 2 contributors
1552 [Test worker @coroutine#7] INFO  Contributors - repo-3: loaded 2 contributors
]]></system-out>
  <system-err><![CDATA[]]></system-err>
</testsuite>
