<?xml version="1.0" encoding="UTF-8"?>
<testsuite name="tasks.Request5ConcurrentKtTest" tests="1" skipped="0" failures="0" errors="0" timestamp="2024-05-27T02:29:55" hostname="NELAPTOP" time="0.011">
  <properties/>
  <testcase name="testConcurrent" classname="tasks.Request5ConcurrentKtTest" time="0.011"/>
  <system-out><![CDATA[1538 [Test worker @coroutine#3] INFO  Contributors - org: loaded 3 repos
1544 [Test worker @coroutine#4] INFO  Contributors - starting loading for repo-1
1544 [Test worker @coroutine#5] INFO  Contributors - starting loading for repo-2
1545 [Test worker @coroutine#6] INFO  Contributors - starting loading for repo-3
1545 [Test worker @coroutine#6] INFO  Contributors - repo-3: loaded 2 contributors
1545 [Test worker @coroutine#4] INFO  Contributors - repo-1: loaded 2 contributors
1545 [Test worker @coroutine#5] INFO  Contributors - repo-2: loaded 2 contributors
]]></system-out>
  <system-err><![CDATA[]]></system-err>
</testsuite>
