<?xml version="1.0" encoding="UTF-8"?>
<testsuite name="tasks.Request1BlockingKtTest" tests="1" skipped="0" failures="0" errors="0" timestamp="2024-05-27T02:29:53" hostname="NELAPTOP" time="0.462">
  <properties/>
  <testcase name="testAggregation" classname="tasks.Request1BlockingKtTest" time="0.462"/>
  <system-out><![CDATA[340 [Test worker] INFO  Contributors - org: loaded 3 repos
346 [Test worker] INFO  Contributors - repo-1: loaded 2 contributors
346 [Test worker] INFO  Contributors - repo-2: loaded 2 contributors
348 [Test worker] INFO  Contributors - repo-3: loaded 2 contributors
]]></system-out>
  <system-err><![CDATA[]]></system-err>
</testsuite>
