<?xml version="1.0" encoding="UTF-8"?>
<testsuite name="tasks.Request4SuspendKtTest" tests="1" skipped="0" failures="0" errors="0" timestamp="2024-05-27T02:29:55" hostname="NELAPTOP" time="0.069">
  <properties/>
  <testcase name="testSuspend" classname="tasks.Request4SuspendKtTest" time="0.069"/>
  <system-out><![CDATA[1524 [Test worker @coroutine#2] INFO  Contributors - org: loaded 3 repos
1525 [Test worker @coroutine#2] INFO  Contributors - repo-1: loaded 2 contributors
1525 [Test worker @coroutine#2] INFO  Contributors - repo-2: loaded 2 contributors
1525 [Test worker @coroutine#2] INFO  Contributors - repo-3: loaded 2 contributors
]]></system-out>
  <system-err><![CDATA[]]></system-err>
</testsuite>
