<?xml version="1.0" encoding="UTF-8"?>
<testsuite name="tasks.AggregationKtTest" tests="1" skipped="0" failures="0" errors="0" timestamp="2024-05-27T02:29:53" hostname="NELAPTOP" time="0.033">
  <properties/>
  <testcase name="testAggregation" classname="tasks.AggregationKtTest" time="0.033"/>
  <system-out><![CDATA[]]></system-out>
  <system-err><![CDATA[]]></system-err>
</testsuite>
